<?xml version="1.0" encoding="UTF-8"?>
<testsuite name="com.phonebook.tests.LoginTests" tests="1" skipped="0" failures="0" errors="0" timestamp="2024-03-06T00:05:45" hostname="DESKTOP-M6NQQR2" time="1.369">
  <properties/>
  <testcase name="loginPositiveTest" classname="com.phonebook.tests.LoginTests" time="1.369"/>
  <system-out><![CDATA[01:05:45.285 [Test worker] INFO  com.phonebook.tests.TestBase -- Start test: loginPositiveTestwith data: []
01:05:46.672 [Test worker] INFO  com.phonebook.tests.TestBase -- PASSED: loginPositiveTest
01:05:46.673 [Test worker] INFO  com.phonebook.tests.TestBase -- Stop test
01:05:46.673 [Test worker] INFO  com.phonebook.tests.TestBase -- ************************
]]></system-out>
  <system-err><![CDATA[]]></system-err>
</testsuite>
