<?xml version="1.0" encoding="UTF-8"?>
<testsuite name="com.phonebook.tests.DeleteContactTests" tests="1" skipped="0" failures="0" errors="0" timestamp="2024-03-06T00:06:10" hostname="DESKTOP-M6NQQR2" time="1.509">
  <properties/>
  <testcase name="removeContactTest" classname="com.phonebook.tests.DeleteContactTests" time="1.509"/>
  <system-out><![CDATA[01:05:59.101 [Test worker] INFO  com.phonebook.tests.TestBase -- Start test: removeContactTestwith data: []
01:06:12.173 [Test worker] INFO  com.phonebook.tests.TestBase -- PASSED: removeContactTest
01:06:12.174 [Test worker] INFO  com.phonebook.tests.TestBase -- Stop test
01:06:12.174 [Test worker] INFO  com.phonebook.tests.TestBase -- ************************
]]></system-out>
  <system-err><![CDATA[]]></system-err>
</testsuite>
